-------------------------------------------------------------------------------
Test set: org.springframework.webflow.mvc.servlet.FlowHandlerAdapterTests
-------------------------------------------------------------------------------
Tests run: 26, Failures: 3, Errors: 0, Skipped: 0, Time elapsed: 0.021 sec <<< FAILURE!
testSwf1385DefaultServletExternalRedirect(org.springframework.webflow.mvc.servlet.FlowHandlerAdapterTests)  Time elapsed: 0.003 sec  <<< FAILURE!
junit.framework.ComparisonFailure: expected:</[springtravel/]bar> but was:</[]bar>
	at junit.framework.Assert.assertEquals(Assert.java:81)
	at junit.framework.Assert.assertEquals(Assert.java:87)
	at org.springframework.webflow.mvc.servlet.FlowHandlerAdapterTests.testSwf1385DefaultServletExternalRedirect(FlowHandlerAdapterTests.java:414)

testSwf1385DefaultServletExternalRedirectDeviation(org.springframework.webflow.mvc.servlet.FlowHandlerAdapterTests)  Time elapsed: 0.001 sec  <<< FAILURE!
junit.framework.ComparisonFailure: expected:</[springtravel/]bar> but was:</[]bar>
	at junit.framework.Assert.assertEquals(Assert.java:81)
	at junit.framework.Assert.assertEquals(Assert.java:87)
	at org.springframework.webflow.mvc.servlet.FlowHandlerAdapterTests.testSwf1385DefaultServletExternalRedirectDeviation(FlowHandlerAdapterTests.java:434)

testSwf1385DefaultServletExternalRedirectServletRelative(org.springframework.webflow.mvc.servlet.FlowHandlerAdapterTests)  Time elapsed: 0.001 sec  <<< FAILURE!
junit.framework.ComparisonFailure: expected:</[springtravel/]bar> but was:</[]bar>
	at junit.framework.Assert.assertEquals(Assert.java:81)
	at junit.framework.Assert.assertEquals(Assert.java:87)
	at org.springframework.webflow.mvc.servlet.FlowHandlerAdapterTests.testSwf1385DefaultServletExternalRedirectServletRelative(FlowHandlerAdapterTests.java:450)

