<?xml version="1.0" encoding="UTF-8" ?>
<testsuite failures="0" time="0.027" errors="0" skipped="0" tests="12" name="org.springframework.webflow.mvc.view.SpringBeanBindingModelTests">
  <properties>
[...]
</properties>
  <testcase time="0.002" classname="org.springframework.webflow.mvc.view.SpringBeanBindingModelTests" name="testFindPropertyEditorForUndeterminableType"/>
  <testcase time="0" classname="org.springframework.webflow.mvc.view.SpringBeanBindingModelTests" name="testGetFieldValueNonStringNoConversionService"/>
  <testcase time="0" classname="org.springframework.webflow.mvc.view.SpringBeanBindingModelTests" name="testInitialState"/>
  <testcase time="0.001" classname="org.springframework.webflow.mvc.view.SpringBeanBindingModelTests" name="testGetValue"/>
  <testcase time="0" classname="org.springframework.webflow.mvc.view.SpringBeanBindingModelTests" name="testGetConvertedValue"/>
  <testcase time="0.001" classname="org.springframework.webflow.mvc.view.SpringBeanBindingModelTests" name="testGetRawValue"/>
  <testcase time="0" classname="org.springframework.webflow.mvc.view.SpringBeanBindingModelTests" name="testGetFieldValueConvertedWithCustomConverter"/>
  <testcase time="0" classname="org.springframework.webflow.mvc.view.SpringBeanBindingModelTests" name="testGetFieldValueError"/>
  <testcase time="0.001" classname="org.springframework.webflow.mvc.view.SpringBeanBindingModelTests" name="testGetFieldError"/>
  <testcase time="0" classname="org.springframework.webflow.mvc.view.SpringBeanBindingModelTests" name="testGetFieldErrorsWildcard"/>
  <testcase time="0.001" classname="org.springframework.webflow.mvc.view.SpringBeanBindingModelTests" name="testFindPropertyEditor"/>
  <testcase time="0.02" classname="org.springframework.webflow.mvc.view.SpringBeanBindingModelTests" name="testNestedPath"/>
</testsuite>